{"/Users/devendechianti/Desktop/VSchool/Assignments/level6/jest exercise/cloneArray.js": {"path":"/Users/devendechianti/Desktop/VSchool/Assignments/level6/jest exercise/cloneArray.js","statementMap":{"0":{"start":{"line":2,"column":2},"end":{"line":2,"column":19}},"1":{"start":{"line":5,"column":0},"end":{"line":5,"column":27}}},"fnMap":{"0":{"name":"cloneArray","decl":{"start":{"line":1,"column":9},"end":{"line":1,"column":19}},"loc":{"start":{"line":1,"column":27},"end":{"line":3,"column":1}},"line":1}},"branchMap":{},"s":{"0":3,"1":1},"f":{"0":3},"b":{},"_coverageSchema":"1a1c01bbd47fc00a2c39e90264f33305004495a9","hash":"4cf8324c3330fda196a3bd3274bd6550bee6d122"}
,"/Users/devendechianti/Desktop/VSchool/Assignments/level6/jest exercise/difference.js": {"path":"/Users/devendechianti/Desktop/VSchool/Assignments/level6/jest exercise/difference.js","statementMap":{"0":{"start":{"line":2,"column":2},"end":{"line":2,"column":12}},"1":{"start":{"line":5,"column":0},"end":{"line":5,"column":27}}},"fnMap":{"0":{"name":"difference","decl":{"start":{"line":1,"column":9},"end":{"line":1,"column":19}},"loc":{"start":{"line":1,"column":25},"end":{"line":3,"column":1}},"line":1}},"branchMap":{},"s":{"0":1,"1":1},"f":{"0":1},"b":{},"_coverageSchema":"1a1c01bbd47fc00a2c39e90264f33305004495a9","hash":"934140171691d22e14064857dd2ca1f0d0918121"}
,"/Users/devendechianti/Desktop/VSchool/Assignments/level6/jest exercise/sum.js": {"path":"/Users/devendechianti/Desktop/VSchool/Assignments/level6/jest exercise/sum.js","statementMap":{"0":{"start":{"line":2,"column":2},"end":{"line":2,"column":14}},"1":{"start":{"line":7,"column":2},"end":{"line":7,"column":23}},"2":{"start":{"line":10,"column":0},"end":{"line":10,"column":30}}},"fnMap":{"0":{"name":"sum","decl":{"start":{"line":1,"column":9},"end":{"line":1,"column":12}},"loc":{"start":{"line":1,"column":19},"end":{"line":3,"column":1}},"line":1},"1":{"name":"helper","decl":{"start":{"line":6,"column":9},"end":{"line":6,"column":15}},"loc":{"start":{"line":6,"column":18},"end":{"line":8,"column":1}},"line":6}},"branchMap":{},"s":{"0":1,"1":1,"2":1},"f":{"0":1,"1":1},"b":{},"_coverageSchema":"1a1c01bbd47fc00a2c39e90264f33305004495a9","hash":"33b9cd81c71637fc06f9c333180896e4995c97ae"}
}
